<?xml version="1.0" encoding="UTF-8"?>
<testsuite xmlns:xsi="http://www.w3.org/2001/XMLSchema-instance" xsi:noNamespaceSchemaLocation="https://maven.apache.org/surefire/maven-surefire-plugin/xsd/surefire-test-report-3.0.xsd" version="3.0" name="TestSuite" time="63.994" tests="4" errors="0" skipped="0" failures="3">
  <properties>
    <property name="sun.desktop" value="windows"/>
    <property name="awt.toolkit" value="sun.awt.windows.WToolkit"/>
    <property name="file.encoding.pkg" value="sun.io"/>
    <property name="java.specification.version" value="1.8"/>
    <property name="sun.cpu.isalist" value="amd64"/>
    <property name="sun.jnu.encoding" value="Cp1252"/>
    <property name="java.class.path" value="E:\RoundTripMVN\target\test-classes;E:\RoundTripMVN\target\classes;C:\Users\windows10\.m2\repository\junit\junit\4.12\junit-4.12.jar;C:\Users\windows10\.m2\repository\org\hamcrest\hamcrest-core\1.3\hamcrest-core-1.3.jar;C:\Users\windows10\.m2\repository\org\seleniumhq\selenium\selenium-java\3.141.0\selenium-java-3.141.0.jar;C:\Users\windows10\.m2\repository\org\seleniumhq\selenium\selenium-api\3.141.0\selenium-api-3.141.0.jar;C:\Users\windows10\.m2\repository\org\seleniumhq\selenium\selenium-chrome-driver\3.141.0\selenium-chrome-driver-3.141.0.jar;C:\Users\windows10\.m2\repository\org\seleniumhq\selenium\selenium-edge-driver\3.141.0\selenium-edge-driver-3.141.0.jar;C:\Users\windows10\.m2\repository\org\seleniumhq\selenium\selenium-firefox-driver\3.141.0\selenium-firefox-driver-3.141.0.jar;C:\Users\windows10\.m2\repository\org\seleniumhq\selenium\selenium-ie-driver\3.141.0\selenium-ie-driver-3.141.0.jar;C:\Users\windows10\.m2\repository\org\seleniumhq\selenium\selenium-opera-driver\3.141.0\selenium-opera-driver-3.141.0.jar;C:\Users\windows10\.m2\repository\org\seleniumhq\selenium\selenium-remote-driver\3.141.0\selenium-remote-driver-3.141.0.jar;C:\Users\windows10\.m2\repository\org\seleniumhq\selenium\selenium-safari-driver\3.141.0\selenium-safari-driver-3.141.0.jar;C:\Users\windows10\.m2\repository\org\seleniumhq\selenium\selenium-support\3.141.0\selenium-support-3.141.0.jar;C:\Users\windows10\.m2\repository\net\bytebuddy\byte-buddy\1.8.15\byte-buddy-1.8.15.jar;C:\Users\windows10\.m2\repository\org\apache\commons\commons-exec\1.3\commons-exec-1.3.jar;C:\Users\windows10\.m2\repository\com\google\guava\guava\25.0-jre\guava-25.0-jre.jar;C:\Users\windows10\.m2\repository\com\google\code\findbugs\jsr305\1.3.9\jsr305-1.3.9.jar;C:\Users\windows10\.m2\repository\org\checkerframework\checker-compat-qual\2.0.0\checker-compat-qual-2.0.0.jar;C:\Users\windows10\.m2\repository\com\google\errorprone\error_prone_annotations\2.1.3\error_prone_annotations-2.1.3.jar;C:\Users\windows10\.m2\repository\com\google\j2objc\j2objc-annotations\1.1\j2objc-annotations-1.1.jar;C:\Users\windows10\.m2\repository\org\codehaus\mojo\animal-sniffer-annotations\1.14\animal-sniffer-annotations-1.14.jar;C:\Users\windows10\.m2\repository\com\squareup\okhttp3\okhttp\3.11.0\okhttp-3.11.0.jar;C:\Users\windows10\.m2\repository\com\squareup\okio\okio\1.14.0\okio-1.14.0.jar;C:\Users\windows10\.m2\repository\org\apache\maven\plugins\maven-surefire-plugin\3.0.0-M3\maven-surefire-plugin-3.0.0-M3.jar;C:\Users\windows10\.m2\repository\org\apache\maven\surefire\maven-surefire-common\3.0.0-M3\maven-surefire-common-3.0.0-M3.jar;C:\Users\windows10\.m2\repository\org\apache\maven\surefire\surefire-api\3.0.0-M3\surefire-api-3.0.0-M3.jar;C:\Users\windows10\.m2\repository\org\apache\maven\surefire\surefire-logger-api\3.0.0-M3\surefire-logger-api-3.0.0-M3.jar;C:\Users\windows10\.m2\repository\org\apache\maven\surefire\surefire-booter\3.0.0-M3\surefire-booter-3.0.0-M3.jar;C:\Users\windows10\.m2\repository\org\apache\maven\maven-toolchain\3.0-alpha-2\maven-toolchain-3.0-alpha-2.jar;C:\Users\windows10\.m2\repository\org\apache\maven\maven-core\3.0-alpha-2\maven-core-3.0-alpha-2.jar;C:\Users\windows10\.m2\repository\org\apache\maven\maven-lifecycle\3.0-alpha-2\maven-lifecycle-3.0-alpha-2.jar;C:\Users\windows10\.m2\repository\org\apache\maven\maven-reporting-api\3.0-alpha-2\maven-reporting-api-3.0-alpha-2.jar;C:\Users\windows10\.m2\repository\org\apache\maven\doxia\doxia-sink-api\1.0-alpha-9\doxia-sink-api-1.0-alpha-9.jar;C:\Users\windows10\.m2\repository\org\apache\maven\maven-model\3.0-alpha-2\maven-model-3.0-alpha-2.jar;C:\Users\windows10\.m2\repository\org\apache\maven\maven-plugin-api\3.0-alpha-2\maven-plugin-api-3.0-alpha-2.jar;C:\Users\windows10\.m2\repository\org\codehaus\plexus\plexus-container-default\1.0-beta-3.0.5\plexus-container-default-1.0-beta-3.0.5.jar;C:\Users\windows10\.m2\repository\org\apache\xbean\xbean-reflect\3.4\xbean-reflect-3.4.jar;C:\Users\windows10\.m2\repository\commons-logging\commons-logging-api\1.1\commons-logging-api-1.1.jar;C:\Users\windows10\.m2\repository\com\google\code\google-collections\google-collect\snapshot-20080530\google-collect-snapshot-20080530.jar;C:\Users\windows10\.m2\repository\org\apache\maven\maven-project\3.0-alpha-2\maven-project-3.0-alpha-2.jar;C:\Users\windows10\.m2\repository\org\codehaus\woodstox\wstx-asl\3.2.6\wstx-asl-3.2.6.jar;C:\Users\windows10\.m2\repository\org\apache\maven\maven-project-builder\3.0-alpha-2\maven-project-builder-3.0-alpha-2.jar;C:\Users\windows10\.m2\repository\commons-cli\commons-cli\1.0\commons-cli-1.0.jar;C:\Users\windows10\.m2\repository\org\codehaus\plexus\plexus-interactivity-api\1.0-alpha-6\plexus-interactivity-api-1.0-alpha-6.jar;C:\Users\windows10\.m2\repository\org\codehaus\plexus\plexus-interpolation\1.1\plexus-interpolation-1.1.jar;C:\Users\windows10\.m2\repository\org\codehaus\plexus\plexus-utils\1.5.6\plexus-utils-1.5.6.jar;C:\Users\windows10\.m2\repository\org\codehaus\plexus\plexus-classworlds\1.3\plexus-classworlds-1.3.jar;C:\Users\windows10\.m2\repository\org\codehaus\plexus\plexus-component-annotations\1.0-beta-3.0.5\plexus-component-annotations-1.0-beta-3.0.5.jar;C:\Users\windows10\.m2\repository\org\sonatype\plexus\plexus-plugin-manager\1.0-alpha-1\plexus-plugin-manager-1.0-alpha-1.jar;C:\Users\windows10\.m2\repository\org\apache\maven\mercury\mercury-plexus\1.0.0-alpha-2\mercury-plexus-1.0.0-alpha-2.jar;C:\Users\windows10\.m2\repository\org\apache\maven\mercury\mercury-repo-remote-m2\1.0.0-alpha-2\mercury-repo-remote-m2-1.0.0-alpha-2.jar;C:\Users\windows10\.m2\repository\org\apache\maven\mercury\mercury-repo-api\1.0.0-alpha-2\mercury-repo-api-1.0.0-alpha-2.jar;C:\Users\windows10\.m2\repository\org\apache\maven\mercury\mercury-transport-api\1.0.0-alpha-2\mercury-transport-api-1.0.0-alpha-2.jar;C:\Users\windows10\.m2\repository\org\apache\maven\mercury\mercury-crypto-api\1.0.0-alpha-2\mercury-crypto-api-1.0.0-alpha-2.jar;C:\Users\windows10\.m2\repository\org\apache\maven\mercury\mercury-transport-http\1.0.0-alpha-2\mercury-transport-http-1.0.0-alpha-2.jar;C:\Users\windows10\.m2\repository\org\mortbay\jetty\jetty-client\6.1.12\jetty-client-6.1.12.jar;C:\Users\windows10\.m2\repository\org\mortbay\jetty\jetty-sslengine\6.1.12\jetty-sslengine-6.1.12.jar;C:\Users\windows10\.m2\repository\org\mortbay\jetty\jetty\6.1.12\jetty-6.1.12.jar;C:\Users\windows10\.m2\repository\org\mortbay\jetty\jetty-util\6.1.12\jetty-util-6.1.12.jar;C:\Users\windows10\.m2\repository\org\mortbay\jetty\servlet-api-2.5\6.1.12\servlet-api-2.5-6.1.12.jar;C:\Users\windows10\.m2\repository\org\apache\maven\mercury\mercury-crypto-basic\1.0.0-alpha-2\mercury-crypto-basic-1.0.0-alpha-2.jar;C:\Users\windows10\.m2\repository\bouncycastle\bcprov-jdk15\140\bcprov-jdk15-140.jar;C:\Users\windows10\.m2\repository\bouncycastle\bcpg-jdk15\140\bcpg-jdk15-140.jar;C:\Users\windows10\.m2\repository\org\apache\maven\mercury\mercury-md-shared\1.0.0-alpha-2\mercury-md-shared-1.0.0-alpha-2.jar;C:\Users\windows10\.m2\repository\org\apache\maven\mercury\mercury-util\1.0.0-alpha-2\mercury-util-1.0.0-alpha-2.jar;C:\Users\windows10\.m2\repository\org\apache\maven\mercury\mercury-repo-local-m2\1.0.0-alpha-2\mercury-repo-local-m2-1.0.0-alpha-2.jar;C:\Users\windows10\.m2\repository\org\apache\maven\mercury\mercury-repo-virtual\1.0.0-alpha-2\mercury-repo-virtual-1.0.0-alpha-2.jar;C:\Users\windows10\.m2\repository\org\apache\maven\mercury\mercury-repo-cache-fs\1.0.0-alpha-2\mercury-repo-cache-fs-1.0.0-alpha-2.jar;C:\Users\windows10\.m2\repository\org\apache\maven\mercury\mercury-md-sat\1.0.0-alpha-2\mercury-md-sat-1.0.0-alpha-2.jar;C:\Users\windows10\.m2\repository\org\sat4j\org.sat4j.core\2.0.4\org.sat4j.core-2.0.4.jar;C:\Users\windows10\.m2\repository\org\sat4j\org.sat4j.pb\2.0.4\org.sat4j.pb-2.0.4.jar;C:\Users\windows10\.m2\repository\org\apache\maven\mercury\mercury-event\1.0.0-alpha-2\mercury-event-1.0.0-alpha-2.jar;C:\Users\windows10\.m2\repository\org\apache\maven\mercury\mercury-logging\1.0.0-alpha-2\mercury-logging-1.0.0-alpha-2.jar;C:\Users\windows10\.m2\repository\org\codehaus\plexus\plexus-lang\1.1\plexus-lang-1.1.jar;C:\Users\windows10\.m2\repository\org\slf4j\slf4j-jdk14\1.5.3\slf4j-jdk14-1.5.3.jar;C:\Users\windows10\.m2\repository\org\slf4j\slf4j-api\1.5.3\slf4j-api-1.5.3.jar;C:\Users\windows10\.m2\repository\org\apache\maven\maven-mercury\3.0-alpha-2\maven-mercury-3.0-alpha-2.jar;C:\Users\windows10\.m2\repository\org\apache\maven\mercury\mercury-artifact\1.0.0-alpha-2\mercury-artifact-1.0.0-alpha-2.jar;C:\Users\windows10\.m2\repository\org\apache\maven\mercury\mercury-external\1.0.0-alpha-2\mercury-external-1.0.0-alpha-2.jar;C:\Users\windows10\.m2\repository\org\sonatype\spice\model-builder\1.3\model-builder-1.3.jar;C:\Users\windows10\.m2\repository\stax\stax-api\1.0.1\stax-api-1.0.1.jar;C:\Users\windows10\.m2\repository\org\apache\maven\maven-compat\3.0-alpha-2\maven-compat-3.0-alpha-2.jar;C:\Users\windows10\.m2\repository\org\apache\maven\wagon\wagon-provider-api\1.0-beta-4\wagon-provider-api-1.0-beta-4.jar;C:\Users\windows10\.m2\repository\org\codehaus\plexus\plexus-java\1.0.1\plexus-java-1.0.1.jar;C:\Users\windows10\.m2\repository\org\ow2\asm\asm\7.0-beta\asm-7.0-beta.jar;C:\Users\windows10\.m2\repository\com\thoughtworks\qdox\qdox\2.0-M9\qdox-2.0-M9.jar;C:\Users\windows10\.m2\repository\org\testng\testng\7.0.0\testng-7.0.0.jar;C:\Users\windows10\.m2\repository\com\beust\jcommander\1.72\jcommander-1.72.jar;C:\Users\windows10\.m2\repository\org\apache\poi\poi\4.1.1\poi-4.1.1.jar;C:\Users\windows10\.m2\repository\commons-codec\commons-codec\1.13\commons-codec-1.13.jar;C:\Users\windows10\.m2\repository\org\apache\commons\commons-collections4\4.4\commons-collections4-4.4.jar;C:\Users\windows10\.m2\repository\org\apache\commons\commons-math3\3.6.1\commons-math3-3.6.1.jar;C:\Users\windows10\.m2\repository\org\apache\poi\poi-ooxml\4.1.1\poi-ooxml-4.1.1.jar;C:\Users\windows10\.m2\repository\org\apache\commons\commons-compress\1.19\commons-compress-1.19.jar;C:\Users\windows10\.m2\repository\com\github\virtuald\curvesapi\1.06\curvesapi-1.06.jar;C:\Users\windows10\.m2\repository\org\apache\poi\poi-examples\4.1.1\poi-examples-4.1.1.jar;C:\Users\windows10\.m2\repository\org\apache\poi\poi-scratchpad\4.1.1\poi-scratchpad-4.1.1.jar;C:\Users\windows10\.m2\repository\org\apache\poi\poi-contrib\3.6\poi-contrib-3.6.jar;C:\Users\windows10\.m2\repository\commons-logging\commons-logging\1.1\commons-logging-1.1.jar;C:\Users\windows10\.m2\repository\logkit\logkit\1.0.1\logkit-1.0.1.jar;C:\Users\windows10\.m2\repository\avalon-framework\avalon-framework\4.1.3\avalon-framework-4.1.3.jar;C:\Users\windows10\.m2\repository\javax\servlet\servlet-api\2.3\servlet-api-2.3.jar;C:\Users\windows10\.m2\repository\log4j\log4j\1.2.13\log4j-1.2.13.jar;C:\Users\windows10\.m2\repository\org\apache\poi\poi-ooxml-schemas\4.1.1\poi-ooxml-schemas-4.1.1.jar;C:\Users\windows10\.m2\repository\org\apache\xmlbeans\xmlbeans\3.1.0\xmlbeans-3.1.0.jar;C:\Users\windows10\.m2\repository\org\apache\poi\poi-excelant\4.1.1\poi-excelant-4.1.1.jar;C:\Users\windows10\.m2\repository\org\apache\ant\ant\1.8.2\ant-1.8.2.jar;C:\Users\windows10\.m2\repository\org\apache\ant\ant-launcher\1.8.2\ant-launcher-1.8.2.jar;C:\Users\windows10\.m2\repository\org\uncommons\reportng\1.1.4\reportng-1.1.4.jar;C:\Users\windows10\.m2\repository\velocity\velocity\1.4\velocity-1.4.jar;C:\Users\windows10\.m2\repository\velocity\velocity-dep\1.4\velocity-dep-1.4.jar;C:\Users\windows10\.m2\repository\org\projectlombok\lombok\1.18.10\lombok-1.18.10.jar;"/>
    <property name="java.vm.vendor" value="Oracle Corporation"/>
    <property name="sun.arch.data.model" value="64"/>
    <property name="user.variant" value=""/>
    <property name="java.vendor.url" value="http://java.oracle.com/"/>
    <property name="user.timezone" value="Asia/Calcutta"/>
    <property name="java.vm.specification.version" value="1.8"/>
    <property name="os.name" value="Windows 10"/>
    <property name="user.country" value="IN"/>
    <property name="sun.java.launcher" value="SUN_STANDARD"/>
    <property name="sun.boot.library.path" value="C:\Program Files\Java\jre1.8.0_241\bin"/>
    <property name="sun.java.command" value="C:\Users\windows10\AppData\Local\Temp\surefire5944907299699961174\surefirebooter2025248719771145568.jar C:\Users\windows10\AppData\Local\Temp\surefire5944907299699961174 2020-03-04T09-24-26_347-jvmRun1 surefire5815461568853200358tmp surefire_01119950983636827583tmp"/>
    <property name="surefire.test.class.path" value="E:\RoundTripMVN\target\test-classes;E:\RoundTripMVN\target\classes;C:\Users\windows10\.m2\repository\junit\junit\4.12\junit-4.12.jar;C:\Users\windows10\.m2\repository\org\hamcrest\hamcrest-core\1.3\hamcrest-core-1.3.jar;C:\Users\windows10\.m2\repository\org\seleniumhq\selenium\selenium-java\3.141.0\selenium-java-3.141.0.jar;C:\Users\windows10\.m2\repository\org\seleniumhq\selenium\selenium-api\3.141.0\selenium-api-3.141.0.jar;C:\Users\windows10\.m2\repository\org\seleniumhq\selenium\selenium-chrome-driver\3.141.0\selenium-chrome-driver-3.141.0.jar;C:\Users\windows10\.m2\repository\org\seleniumhq\selenium\selenium-edge-driver\3.141.0\selenium-edge-driver-3.141.0.jar;C:\Users\windows10\.m2\repository\org\seleniumhq\selenium\selenium-firefox-driver\3.141.0\selenium-firefox-driver-3.141.0.jar;C:\Users\windows10\.m2\repository\org\seleniumhq\selenium\selenium-ie-driver\3.141.0\selenium-ie-driver-3.141.0.jar;C:\Users\windows10\.m2\repository\org\seleniumhq\selenium\selenium-opera-driver\3.141.0\selenium-opera-driver-3.141.0.jar;C:\Users\windows10\.m2\repository\org\seleniumhq\selenium\selenium-remote-driver\3.141.0\selenium-remote-driver-3.141.0.jar;C:\Users\windows10\.m2\repository\org\seleniumhq\selenium\selenium-safari-driver\3.141.0\selenium-safari-driver-3.141.0.jar;C:\Users\windows10\.m2\repository\org\seleniumhq\selenium\selenium-support\3.141.0\selenium-support-3.141.0.jar;C:\Users\windows10\.m2\repository\net\bytebuddy\byte-buddy\1.8.15\byte-buddy-1.8.15.jar;C:\Users\windows10\.m2\repository\org\apache\commons\commons-exec\1.3\commons-exec-1.3.jar;C:\Users\windows10\.m2\repository\com\google\guava\guava\25.0-jre\guava-25.0-jre.jar;C:\Users\windows10\.m2\repository\com\google\code\findbugs\jsr305\1.3.9\jsr305-1.3.9.jar;C:\Users\windows10\.m2\repository\org\checkerframework\checker-compat-qual\2.0.0\checker-compat-qual-2.0.0.jar;C:\Users\windows10\.m2\repository\com\google\errorprone\error_prone_annotations\2.1.3\error_prone_annotations-2.1.3.jar;C:\Users\windows10\.m2\repository\com\google\j2objc\j2objc-annotations\1.1\j2objc-annotations-1.1.jar;C:\Users\windows10\.m2\repository\org\codehaus\mojo\animal-sniffer-annotations\1.14\animal-sniffer-annotations-1.14.jar;C:\Users\windows10\.m2\repository\com\squareup\okhttp3\okhttp\3.11.0\okhttp-3.11.0.jar;C:\Users\windows10\.m2\repository\com\squareup\okio\okio\1.14.0\okio-1.14.0.jar;C:\Users\windows10\.m2\repository\org\apache\maven\plugins\maven-surefire-plugin\3.0.0-M3\maven-surefire-plugin-3.0.0-M3.jar;C:\Users\windows10\.m2\repository\org\apache\maven\surefire\maven-surefire-common\3.0.0-M3\maven-surefire-common-3.0.0-M3.jar;C:\Users\windows10\.m2\repository\org\apache\maven\surefire\surefire-api\3.0.0-M3\surefire-api-3.0.0-M3.jar;C:\Users\windows10\.m2\repository\org\apache\maven\surefire\surefire-logger-api\3.0.0-M3\surefire-logger-api-3.0.0-M3.jar;C:\Users\windows10\.m2\repository\org\apache\maven\surefire\surefire-booter\3.0.0-M3\surefire-booter-3.0.0-M3.jar;C:\Users\windows10\.m2\repository\org\apache\maven\maven-toolchain\3.0-alpha-2\maven-toolchain-3.0-alpha-2.jar;C:\Users\windows10\.m2\repository\org\apache\maven\maven-core\3.0-alpha-2\maven-core-3.0-alpha-2.jar;C:\Users\windows10\.m2\repository\org\apache\maven\maven-lifecycle\3.0-alpha-2\maven-lifecycle-3.0-alpha-2.jar;C:\Users\windows10\.m2\repository\org\apache\maven\maven-reporting-api\3.0-alpha-2\maven-reporting-api-3.0-alpha-2.jar;C:\Users\windows10\.m2\repository\org\apache\maven\doxia\doxia-sink-api\1.0-alpha-9\doxia-sink-api-1.0-alpha-9.jar;C:\Users\windows10\.m2\repository\org\apache\maven\maven-model\3.0-alpha-2\maven-model-3.0-alpha-2.jar;C:\Users\windows10\.m2\repository\org\apache\maven\maven-plugin-api\3.0-alpha-2\maven-plugin-api-3.0-alpha-2.jar;C:\Users\windows10\.m2\repository\org\codehaus\plexus\plexus-container-default\1.0-beta-3.0.5\plexus-container-default-1.0-beta-3.0.5.jar;C:\Users\windows10\.m2\repository\org\apache\xbean\xbean-reflect\3.4\xbean-reflect-3.4.jar;C:\Users\windows10\.m2\repository\commons-logging\commons-logging-api\1.1\commons-logging-api-1.1.jar;C:\Users\windows10\.m2\repository\com\google\code\google-collections\google-collect\snapshot-20080530\google-collect-snapshot-20080530.jar;C:\Users\windows10\.m2\repository\org\apache\maven\maven-project\3.0-alpha-2\maven-project-3.0-alpha-2.jar;C:\Users\windows10\.m2\repository\org\codehaus\woodstox\wstx-asl\3.2.6\wstx-asl-3.2.6.jar;C:\Users\windows10\.m2\repository\org\apache\maven\maven-project-builder\3.0-alpha-2\maven-project-builder-3.0-alpha-2.jar;C:\Users\windows10\.m2\repository\commons-cli\commons-cli\1.0\commons-cli-1.0.jar;C:\Users\windows10\.m2\repository\org\codehaus\plexus\plexus-interactivity-api\1.0-alpha-6\plexus-interactivity-api-1.0-alpha-6.jar;C:\Users\windows10\.m2\repository\org\codehaus\plexus\plexus-interpolation\1.1\plexus-interpolation-1.1.jar;C:\Users\windows10\.m2\repository\org\codehaus\plexus\plexus-utils\1.5.6\plexus-utils-1.5.6.jar;C:\Users\windows10\.m2\repository\org\codehaus\plexus\plexus-classworlds\1.3\plexus-classworlds-1.3.jar;C:\Users\windows10\.m2\repository\org\codehaus\plexus\plexus-component-annotations\1.0-beta-3.0.5\plexus-component-annotations-1.0-beta-3.0.5.jar;C:\Users\windows10\.m2\repository\org\sonatype\plexus\plexus-plugin-manager\1.0-alpha-1\plexus-plugin-manager-1.0-alpha-1.jar;C:\Users\windows10\.m2\repository\org\apache\maven\mercury\mercury-plexus\1.0.0-alpha-2\mercury-plexus-1.0.0-alpha-2.jar;C:\Users\windows10\.m2\repository\org\apache\maven\mercury\mercury-repo-remote-m2\1.0.0-alpha-2\mercury-repo-remote-m2-1.0.0-alpha-2.jar;C:\Users\windows10\.m2\repository\org\apache\maven\mercury\mercury-repo-api\1.0.0-alpha-2\mercury-repo-api-1.0.0-alpha-2.jar;C:\Users\windows10\.m2\repository\org\apache\maven\mercury\mercury-transport-api\1.0.0-alpha-2\mercury-transport-api-1.0.0-alpha-2.jar;C:\Users\windows10\.m2\repository\org\apache\maven\mercury\mercury-crypto-api\1.0.0-alpha-2\mercury-crypto-api-1.0.0-alpha-2.jar;C:\Users\windows10\.m2\repository\org\apache\maven\mercury\mercury-transport-http\1.0.0-alpha-2\mercury-transport-http-1.0.0-alpha-2.jar;C:\Users\windows10\.m2\repository\org\mortbay\jetty\jetty-client\6.1.12\jetty-client-6.1.12.jar;C:\Users\windows10\.m2\repository\org\mortbay\jetty\jetty-sslengine\6.1.12\jetty-sslengine-6.1.12.jar;C:\Users\windows10\.m2\repository\org\mortbay\jetty\jetty\6.1.12\jetty-6.1.12.jar;C:\Users\windows10\.m2\repository\org\mortbay\jetty\jetty-util\6.1.12\jetty-util-6.1.12.jar;C:\Users\windows10\.m2\repository\org\mortbay\jetty\servlet-api-2.5\6.1.12\servlet-api-2.5-6.1.12.jar;C:\Users\windows10\.m2\repository\org\apache\maven\mercury\mercury-crypto-basic\1.0.0-alpha-2\mercury-crypto-basic-1.0.0-alpha-2.jar;C:\Users\windows10\.m2\repository\bouncycastle\bcprov-jdk15\140\bcprov-jdk15-140.jar;C:\Users\windows10\.m2\repository\bouncycastle\bcpg-jdk15\140\bcpg-jdk15-140.jar;C:\Users\windows10\.m2\repository\org\apache\maven\mercury\mercury-md-shared\1.0.0-alpha-2\mercury-md-shared-1.0.0-alpha-2.jar;C:\Users\windows10\.m2\repository\org\apache\maven\mercury\mercury-util\1.0.0-alpha-2\mercury-util-1.0.0-alpha-2.jar;C:\Users\windows10\.m2\repository\org\apache\maven\mercury\mercury-repo-local-m2\1.0.0-alpha-2\mercury-repo-local-m2-1.0.0-alpha-2.jar;C:\Users\windows10\.m2\repository\org\apache\maven\mercury\mercury-repo-virtual\1.0.0-alpha-2\mercury-repo-virtual-1.0.0-alpha-2.jar;C:\Users\windows10\.m2\repository\org\apache\maven\mercury\mercury-repo-cache-fs\1.0.0-alpha-2\mercury-repo-cache-fs-1.0.0-alpha-2.jar;C:\Users\windows10\.m2\repository\org\apache\maven\mercury\mercury-md-sat\1.0.0-alpha-2\mercury-md-sat-1.0.0-alpha-2.jar;C:\Users\windows10\.m2\repository\org\sat4j\org.sat4j.core\2.0.4\org.sat4j.core-2.0.4.jar;C:\Users\windows10\.m2\repository\org\sat4j\org.sat4j.pb\2.0.4\org.sat4j.pb-2.0.4.jar;C:\Users\windows10\.m2\repository\org\apache\maven\mercury\mercury-event\1.0.0-alpha-2\mercury-event-1.0.0-alpha-2.jar;C:\Users\windows10\.m2\repository\org\apache\maven\mercury\mercury-logging\1.0.0-alpha-2\mercury-logging-1.0.0-alpha-2.jar;C:\Users\windows10\.m2\repository\org\codehaus\plexus\plexus-lang\1.1\plexus-lang-1.1.jar;C:\Users\windows10\.m2\repository\org\slf4j\slf4j-jdk14\1.5.3\slf4j-jdk14-1.5.3.jar;C:\Users\windows10\.m2\repository\org\slf4j\slf4j-api\1.5.3\slf4j-api-1.5.3.jar;C:\Users\windows10\.m2\repository\org\apache\maven\maven-mercury\3.0-alpha-2\maven-mercury-3.0-alpha-2.jar;C:\Users\windows10\.m2\repository\org\apache\maven\mercury\mercury-artifact\1.0.0-alpha-2\mercury-artifact-1.0.0-alpha-2.jar;C:\Users\windows10\.m2\repository\org\apache\maven\mercury\mercury-external\1.0.0-alpha-2\mercury-external-1.0.0-alpha-2.jar;C:\Users\windows10\.m2\repository\org\sonatype\spice\model-builder\1.3\model-builder-1.3.jar;C:\Users\windows10\.m2\repository\stax\stax-api\1.0.1\stax-api-1.0.1.jar;C:\Users\windows10\.m2\repository\org\apache\maven\maven-compat\3.0-alpha-2\maven-compat-3.0-alpha-2.jar;C:\Users\windows10\.m2\repository\org\apache\maven\wagon\wagon-provider-api\1.0-beta-4\wagon-provider-api-1.0-beta-4.jar;C:\Users\windows10\.m2\repository\org\codehaus\plexus\plexus-java\1.0.1\plexus-java-1.0.1.jar;C:\Users\windows10\.m2\repository\org\ow2\asm\asm\7.0-beta\asm-7.0-beta.jar;C:\Users\windows10\.m2\repository\com\thoughtworks\qdox\qdox\2.0-M9\qdox-2.0-M9.jar;C:\Users\windows10\.m2\repository\org\testng\testng\7.0.0\testng-7.0.0.jar;C:\Users\windows10\.m2\repository\com\beust\jcommander\1.72\jcommander-1.72.jar;C:\Users\windows10\.m2\repository\org\apache\poi\poi\4.1.1\poi-4.1.1.jar;C:\Users\windows10\.m2\repository\commons-codec\commons-codec\1.13\commons-codec-1.13.jar;C:\Users\windows10\.m2\repository\org\apache\commons\commons-collections4\4.4\commons-collections4-4.4.jar;C:\Users\windows10\.m2\repository\org\apache\commons\commons-math3\3.6.1\commons-math3-3.6.1.jar;C:\Users\windows10\.m2\repository\org\apache\poi\poi-ooxml\4.1.1\poi-ooxml-4.1.1.jar;C:\Users\windows10\.m2\repository\org\apache\commons\commons-compress\1.19\commons-compress-1.19.jar;C:\Users\windows10\.m2\repository\com\github\virtuald\curvesapi\1.06\curvesapi-1.06.jar;C:\Users\windows10\.m2\repository\org\apache\poi\poi-examples\4.1.1\poi-examples-4.1.1.jar;C:\Users\windows10\.m2\repository\org\apache\poi\poi-scratchpad\4.1.1\poi-scratchpad-4.1.1.jar;C:\Users\windows10\.m2\repository\org\apache\poi\poi-contrib\3.6\poi-contrib-3.6.jar;C:\Users\windows10\.m2\repository\commons-logging\commons-logging\1.1\commons-logging-1.1.jar;C:\Users\windows10\.m2\repository\logkit\logkit\1.0.1\logkit-1.0.1.jar;C:\Users\windows10\.m2\repository\avalon-framework\avalon-framework\4.1.3\avalon-framework-4.1.3.jar;C:\Users\windows10\.m2\repository\javax\servlet\servlet-api\2.3\servlet-api-2.3.jar;C:\Users\windows10\.m2\repository\log4j\log4j\1.2.13\log4j-1.2.13.jar;C:\Users\windows10\.m2\repository\org\apache\poi\poi-ooxml-schemas\4.1.1\poi-ooxml-schemas-4.1.1.jar;C:\Users\windows10\.m2\repository\org\apache\xmlbeans\xmlbeans\3.1.0\xmlbeans-3.1.0.jar;C:\Users\windows10\.m2\repository\org\apache\poi\poi-excelant\4.1.1\poi-excelant-4.1.1.jar;C:\Users\windows10\.m2\repository\org\apache\ant\ant\1.8.2\ant-1.8.2.jar;C:\Users\windows10\.m2\repository\org\apache\ant\ant-launcher\1.8.2\ant-launcher-1.8.2.jar;C:\Users\windows10\.m2\repository\org\uncommons\reportng\1.1.4\reportng-1.1.4.jar;C:\Users\windows10\.m2\repository\velocity\velocity\1.4\velocity-1.4.jar;C:\Users\windows10\.m2\repository\velocity\velocity-dep\1.4\velocity-dep-1.4.jar;C:\Users\windows10\.m2\repository\org\projectlombok\lombok\1.18.10\lombok-1.18.10.jar;"/>
    <property name="sun.cpu.endian" value="little"/>
    <property name="user.home" value="C:\Users\windows10"/>
    <property name="user.language" value="en"/>
    <property name="java.specification.vendor" value="Oracle Corporation"/>
    <property name="java.home" value="C:\Program Files\Java\jre1.8.0_241"/>
    <property name="basedir" value="E:\RoundTripMVN"/>
    <property name="file.separator" value="\"/>
    <property name="line.separator" value="&#10;"/>
    <property name="java.vm.specification.vendor" value="Oracle Corporation"/>
    <property name="java.specification.name" value="Java Platform API Specification"/>
    <property name="java.awt.graphicsenv" value="sun.awt.Win32GraphicsEnvironment"/>
    <property name="surefire.real.class.path" value="C:\Users\windows10\AppData\Local\Temp\surefire5944907299699961174\surefirebooter2025248719771145568.jar"/>
    <property name="sun.boot.class.path" value="C:\Program Files\Java\jre1.8.0_241\lib\resources.jar;C:\Program Files\Java\jre1.8.0_241\lib\rt.jar;C:\Program Files\Java\jre1.8.0_241\lib\sunrsasign.jar;C:\Program Files\Java\jre1.8.0_241\lib\jsse.jar;C:\Program Files\Java\jre1.8.0_241\lib\jce.jar;C:\Program Files\Java\jre1.8.0_241\lib\charsets.jar;C:\Program Files\Java\jre1.8.0_241\lib\jfr.jar;C:\Program Files\Java\jre1.8.0_241\classes"/>
    <property name="user.script" value=""/>
    <property name="sun.management.compiler" value="HotSpot 64-Bit Tiered Compilers"/>
    <property name="java.runtime.version" value="1.8.0_241-b07"/>
    <property name="user.name" value="windows10"/>
    <property name="path.separator" value=";"/>
    <property name="os.version" value="10.0"/>
    <property name="java.endorsed.dirs" value="C:\Program Files\Java\jre1.8.0_241\lib\endorsed"/>
    <property name="java.runtime.name" value="Java(TM) SE Runtime Environment"/>
    <property name="file.encoding" value="Cp1252"/>
    <property name="java.vm.name" value="Java HotSpot(TM) 64-Bit Server VM"/>
    <property name="localRepository" value="C:\Users\windows10\.m2\repository"/>
    <property name="java.vendor.url.bug" value="http://bugreport.sun.com/bugreport/"/>
    <property name="java.io.tmpdir" value="C:\Users\WINDOW~1\AppData\Local\Temp\"/>
    <property name="java.version" value="1.8.0_241"/>
    <property name="user.dir" value="E:\RoundTripMVN"/>
    <property name="os.arch" value="amd64"/>
    <property name="java.vm.specification.name" value="Java Virtual Machine Specification"/>
    <property name="java.awt.printerjob" value="sun.awt.windows.WPrinterJob"/>
    <property name="sun.os.patch.level" value=""/>
    <property name="java.library.path" value="C:\Program Files\Java\jre1.8.0_241\bin;C:\WINDOWS\Sun\Java\bin;C:\WINDOWS\system32;C:\WINDOWS;C:\Python27\;C:\Python27\Scripts;C:\Program Files (x86)\Common Files\Oracle\Java\javapath;C:\WINDOWS\system32;C:\WINDOWS;C:\WINDOWS\System32\Wbem;C:\WINDOWS\System32\WindowsPowerShell\v1.0\;C:\Program Files\Git\cmd;C:\WINDOWS\System32\OpenSSH\;C:\Users\windows10\AppData\Roaming\nvm;C:\Program Files\nodejs;C:\xampp\php;C:\ProgramData\ComposerSetup\bin;C:\Program Files (x86)\Intel\Intel(R) Management Engine Components\DAL;C:\Program Files\Intel\Intel(R) Management Engine Components\DAL;C:\apache-maven-3.6.1\bin;C:\Program Files\Java\jdk1.8.0_221\bin;C:\Program Files\Intel\WiFi\bin\;C:\Program Files\Common Files\Intel\WirelessCommon\;C:\Program Files\Java\jdk1.8.0_221\bin;C:\apache-maven-3.6.1\bin;;C:\Android;C:\Windows\System32;C:\Program Files\nodejs\;C:\ProgramData\chocolatey\bin;C:\Program Files\Sencha\Test\2_2_0_148/stc;C:\Users\windows10\AppData\Local\Microsoft\WindowsApps;C:\Users\windows10\AppData\Roaming\nvm;C:\Program Files\nodejs;C:\Users\windows10\bin\Sencha\Cmd;C:\Program Files (x86)\Sophos\Sophos SSL VPN Client\bin;C:\Users\windows10\AppData\Roaming\Composer\vendor\bin;C:\Program Files\heroku\bin;C:\Users\windows10\AppData\Local\Programs\Microsoft VS Code\bin;C:\Users\windows10\AppData\Roaming\npm;C:\Program Files\JetBrains\RubyMine 2019.3.2\bin;;."/>
    <property name="java.vm.info" value="mixed mode"/>
    <property name="java.vendor" value="Oracle Corporation"/>
    <property name="java.vm.version" value="25.241-b07"/>
    <property name="java.ext.dirs" value="C:\Program Files\Java\jre1.8.0_241\lib\ext;C:\WINDOWS\Sun\Java\lib\ext"/>
    <property name="sun.io.unicode.encoding" value="UnicodeLittle"/>
    <property name="java.class.version" value="52.0"/>
  </properties>
  <testcase name="validLogin" classname="com.rideroundtrip.scripts.LoginTest" time="3.464">
    <failure message="expected [Sign In | RoundTrip] but found [Scheduled Trips | RoundTrip]" type="java.lang.AssertionError">java.lang.AssertionError: expected [Sign In | RoundTrip] but found [Scheduled Trips | RoundTrip]
	at com.rideroundtrip.scripts.LoginTest.validLogin(LoginTest.java:22)
</failure>
    <system-out><![CDATA[Suite Execution Started at Wed Mar 04 09:24:33 IST 2020
Chrome Launched...!
validLoginscript execution starts at Wed Mar 04 09:24:46 IST 2020
validLogin script is failed
Screenshot is captured
]]></system-out>
    <system-err><![CDATA[Starting ChromeDriver 80.0.3987.16 (320f6526c1632ad4f205ebce69b99a062ed78647-refs/branch-heads/3987@{#185}) on port 33584
Only local connections are allowed.
Please protect ports used by ChromeDriver and related test frameworks to prevent access by malicious code.
[1583294078.335][WARNING]: Timed out connecting to Chrome, retrying...
Mar 04, 2020 9:24:40 AM org.openqa.selenium.remote.ProtocolHandshake createSession
INFO: Detected dialect: W3C
[1583294082.232][SEVERE]: Timed out receiving message from renderer: 0.100
[1583294082.335][SEVERE]: Timed out receiving message from renderer: 0.100
[1583294082.437][SEVERE]: Timed out receiving message from renderer: 0.100
[1583294082.538][SEVERE]: Timed out receiving message from renderer: 0.100
[1583294082.640][SEVERE]: Timed out receiving message from renderer: 0.100
[1583294082.741][SEVERE]: Timed out receiving message from renderer: 0.100
[1583294082.842][SEVERE]: Timed out receiving message from renderer: 0.100
[1583294082.944][SEVERE]: Timed out receiving message from renderer: 0.100
[1583294083.045][SEVERE]: Timed out receiving message from renderer: 0.100
[1583294083.147][SEVERE]: Timed out receiving message from renderer: 0.100
[1583294083.248][SEVERE]: Timed out receiving message from renderer: 0.100
[1583294083.349][SEVERE]: Timed out receiving message from renderer: 0.100
[1583294083.451][SEVERE]: Timed out receiving message from renderer: 0.100
[1583294083.552][SEVERE]: Timed out receiving message from renderer: 0.100
[1583294083.653][SEVERE]: Timed out receiving message from renderer: 0.100
[1583294083.755][SEVERE]: Timed out receiving message from renderer: 0.100
[1583294083.857][SEVERE]: Timed out receiving message from renderer: 0.100
[1583294083.959][SEVERE]: Timed out receiving message from renderer: 0.100
[1583294084.060][SEVERE]: Timed out receiving message from renderer: 0.100
[1583294084.161][SEVERE]: Timed out receiving message from renderer: 0.100
[1583294084.262][SEVERE]: Timed out receiving message from renderer: 0.100
[1583294084.363][SEVERE]: Timed out receiving message from renderer: 0.100
[1583294084.464][SEVERE]: Timed out receiving message from renderer: 0.100
[1583294084.565][SEVERE]: Timed out receiving message from renderer: 0.100
[1583294084.667][SEVERE]: Timed out receiving message from renderer: 0.100
[1583294084.768][SEVERE]: Timed out receiving message from renderer: 0.100
[1583294084.869][SEVERE]: Timed out receiving message from renderer: 0.100
[1583294084.970][SEVERE]: Timed out receiving message from renderer: 0.100
[1583294085.071][SEVERE]: Timed out receiving message from renderer: 0.100
[1583294085.344][SEVERE]: Timed out receiving message from renderer: 0.100
[1583294085.676][SEVERE]: Timed out receiving message from renderer: 0.100
[1583294085.844][SEVERE]: Timed out receiving message from renderer: 0.100
[1583294085.945][SEVERE]: Timed out receiving message from renderer: 0.100
]]></system-err>
  </testcase>
  <testcase name="invalidLogin" classname="com.rideroundtrip.scripts.LoginTest" time="2.336"/>
  <testcase name="validSearch" classname="com.rideroundtrip.scripts.SearchPatientTest" time="2.625">
    <failure message="expected [Sign In | RoundTrip] but found [Scheduled Trips | RoundTrip]" type="java.lang.AssertionError">java.lang.AssertionError: expected [Sign In | RoundTrip] but found [Scheduled Trips | RoundTrip]
	at com.rideroundtrip.scripts.SearchPatientTest.validSearch(SearchPatientTest.java:20)
</failure>
    <system-out><![CDATA[Browser Closed
Suite Execution ended at Wed Mar 04 09:25:05 IST 2020
Total scripts passed 1
Total scripts failed 1
Total scripts skipped 0
Suite Execution Started at Wed Mar 04 09:25:05 IST 2020
Chrome Launched...!
validSearchscript execution starts at Wed Mar 04 09:25:17 IST 2020
validSearch script is failed
Screenshot is captured
]]></system-out>
    <system-err><![CDATA[Starting ChromeDriver 80.0.3987.16 (320f6526c1632ad4f205ebce69b99a062ed78647-refs/branch-heads/3987@{#185}) on port 17082
Only local connections are allowed.
Please protect ports used by ChromeDriver and related test frameworks to prevent access by malicious code.
[1583294109.025][WARNING]: Timed out connecting to Chrome, retrying...
Mar 04, 2020 9:25:11 AM org.openqa.selenium.remote.ProtocolHandshake createSession
INFO: Detected dialect: W3C
[1583294112.431][SEVERE]: Timed out receiving message from renderer: 0.100
[1583294112.532][SEVERE]: Timed out receiving message from renderer: 0.100
[1583294112.633][SEVERE]: Timed out receiving message from renderer: 0.100
[1583294112.734][SEVERE]: Timed out receiving message from renderer: 0.100
[1583294112.835][SEVERE]: Timed out receiving message from renderer: 0.100
[1583294112.936][SEVERE]: Timed out receiving message from renderer: 0.100
[1583294113.038][SEVERE]: Timed out receiving message from renderer: 0.100
[1583294113.139][SEVERE]: Timed out receiving message from renderer: 0.100
[1583294113.240][SEVERE]: Timed out receiving message from renderer: 0.100
[1583294113.342][SEVERE]: Timed out receiving message from renderer: 0.100
[1583294113.443][SEVERE]: Timed out receiving message from renderer: 0.100
[1583294113.544][SEVERE]: Timed out receiving message from renderer: 0.100
[1583294113.645][SEVERE]: Timed out receiving message from renderer: 0.100
[1583294113.747][SEVERE]: Timed out receiving message from renderer: 0.100
[1583294113.848][SEVERE]: Timed out receiving message from renderer: 0.100
[1583294113.949][SEVERE]: Timed out receiving message from renderer: 0.100
[1583294114.050][SEVERE]: Timed out receiving message from renderer: 0.100
[1583294114.152][SEVERE]: Timed out receiving message from renderer: 0.100
[1583294114.253][SEVERE]: Timed out receiving message from renderer: 0.100
[1583294114.354][SEVERE]: Timed out receiving message from renderer: 0.100
[1583294114.455][SEVERE]: Timed out receiving message from renderer: 0.100
[1583294114.556][SEVERE]: Timed out receiving message from renderer: 0.100
[1583294114.657][SEVERE]: Timed out receiving message from renderer: 0.100
[1583294114.759][SEVERE]: Timed out receiving message from renderer: 0.100
[1583294114.860][SEVERE]: Timed out receiving message from renderer: 0.100
[1583294114.962][SEVERE]: Timed out receiving message from renderer: 0.100
[1583294115.064][SEVERE]: Timed out receiving message from renderer: 0.100
[1583294115.165][SEVERE]: Timed out receiving message from renderer: 0.100
[1583294115.267][SEVERE]: Timed out receiving message from renderer: 0.100
[1583294115.368][SEVERE]: Timed out receiving message from renderer: 0.100
[1583294115.470][SEVERE]: Timed out receiving message from renderer: 0.100
[1583294115.571][SEVERE]: Timed out receiving message from renderer: 0.100
[1583294115.673][SEVERE]: Timed out receiving message from renderer: 0.100
[1583294115.774][SEVERE]: Timed out receiving message from renderer: 0.100
[1583294115.875][SEVERE]: Timed out receiving message from renderer: 0.100
[1583294116.441][SEVERE]: Timed out receiving message from renderer: 0.100
[1583294116.542][SEVERE]: Timed out receiving message from renderer: 0.100
[1583294116.643][SEVERE]: Timed out receiving message from renderer: 0.100
[1583294116.744][SEVERE]: Timed out receiving message from renderer: 0.100
[1583294116.845][SEVERE]: Timed out receiving message from renderer: 0.100
[1583294116.946][SEVERE]: Timed out receiving message from renderer: 0.100
[1583294119.549][SEVERE]: Timed out receiving message from renderer: 0.100
]]></system-err>
  </testcase>
  <testcase name="invalidSearch" classname="com.rideroundtrip.scripts.SearchPatientTest" time="2.622">
    <failure message="expected [Sign In | RoundTrip] but found [Scheduled Trips | RoundTrip]" type="java.lang.AssertionError">java.lang.AssertionError: expected [Sign In | RoundTrip] but found [Scheduled Trips | RoundTrip]
	at com.rideroundtrip.scripts.SearchPatientTest.invalidSearch(SearchPatientTest.java:36)
</failure>
    <system-out><![CDATA[Browser Closed
Chrome Launched...!
invalidSearchscript execution starts at Wed Mar 04 09:25:31 IST 2020
invalidSearch script is failed
Screenshot is captured
]]></system-out>
    <system-err><![CDATA[Starting ChromeDriver 80.0.3987.16 (320f6526c1632ad4f205ebce69b99a062ed78647-refs/branch-heads/3987@{#185}) on port 26356
Only local connections are allowed.
Please protect ports used by ChromeDriver and related test frameworks to prevent access by malicious code.
[1583294123.666][WARNING]: Timed out connecting to Chrome, retrying...
Mar 04, 2020 9:25:25 AM org.openqa.selenium.remote.ProtocolHandshake createSession
INFO: Detected dialect: W3C
[1583294127.081][SEVERE]: Timed out receiving message from renderer: 0.100
[1583294127.183][SEVERE]: Timed out receiving message from renderer: 0.100
[1583294127.284][SEVERE]: Timed out receiving message from renderer: 0.100
[1583294127.385][SEVERE]: Timed out receiving message from renderer: 0.100
[1583294127.486][SEVERE]: Timed out receiving message from renderer: 0.100
[1583294127.588][SEVERE]: Timed out receiving message from renderer: 0.100
[1583294127.689][SEVERE]: Timed out receiving message from renderer: 0.100
[1583294127.790][SEVERE]: Timed out receiving message from renderer: 0.100
[1583294127.891][SEVERE]: Timed out receiving message from renderer: 0.100
[1583294127.992][SEVERE]: Timed out receiving message from renderer: 0.100
[1583294128.093][SEVERE]: Timed out receiving message from renderer: 0.100
[1583294128.195][SEVERE]: Timed out receiving message from renderer: 0.100
[1583294128.297][SEVERE]: Timed out receiving message from renderer: 0.100
[1583294128.398][SEVERE]: Timed out receiving message from renderer: 0.100
[1583294128.499][SEVERE]: Timed out receiving message from renderer: 0.100
[1583294128.601][SEVERE]: Timed out receiving message from renderer: 0.100
[1583294128.702][SEVERE]: Timed out receiving message from renderer: 0.100
[1583294128.804][SEVERE]: Timed out receiving message from renderer: 0.100
[1583294128.905][SEVERE]: Timed out receiving message from renderer: 0.100
[1583294129.006][SEVERE]: Timed out receiving message from renderer: 0.100
[1583294129.107][SEVERE]: Timed out receiving message from renderer: 0.100
[1583294129.209][SEVERE]: Timed out receiving message from renderer: 0.100
[1583294129.310][SEVERE]: Timed out receiving message from renderer: 0.100
[1583294129.411][SEVERE]: Timed out receiving message from renderer: 0.100
[1583294129.512][SEVERE]: Timed out receiving message from renderer: 0.100
[1583294129.614][SEVERE]: Timed out receiving message from renderer: 0.100
[1583294129.715][SEVERE]: Timed out receiving message from renderer: 0.100
[1583294129.817][SEVERE]: Timed out receiving message from renderer: 0.100
[1583294129.918][SEVERE]: Timed out receiving message from renderer: 0.100
[1583294130.020][SEVERE]: Timed out receiving message from renderer: 0.100
[1583294130.121][SEVERE]: Timed out receiving message from renderer: 0.100
[1583294130.222][SEVERE]: Timed out receiving message from renderer: 0.100
[1583294130.323][SEVERE]: Timed out receiving message from renderer: 0.100
[1583294130.425][SEVERE]: Timed out receiving message from renderer: 0.100
[1583294130.527][SEVERE]: Timed out receiving message from renderer: 0.100
[1583294130.628][SEVERE]: Timed out receiving message from renderer: 0.100
[1583294131.192][SEVERE]: Timed out receiving message from renderer: 0.100
[1583294131.293][SEVERE]: Timed out receiving message from renderer: 0.100
[1583294131.395][SEVERE]: Timed out receiving message from renderer: 0.100
[1583294131.496][SEVERE]: Timed out receiving message from renderer: 0.100
[1583294131.597][SEVERE]: Timed out receiving message from renderer: 0.100
[1583294133.038][SEVERE]: Timed out receiving message from renderer: 0.100
]]></system-err>
  </testcase>
</testsuite>